Flow report for Mgenerator
Sat Sep 19 11:41:50 2020
Quartus Prime Version 20.1.0 Build 711 06/05/2020 SJ Lite Edition


---------------------
; Table of Contents ;
---------------------
  1. Legal Notice
  2. Flow Summary
  3. Flow Settings
  4. Flow Non-Default Global Settings
  5. Flow Elapsed Time
  6. Flow OS Summary
  7. Flow Log
  8. Flow Messages
  9. Flow Suppressed Messages



----------------
; Legal Notice ;
----------------
Copyright (C) 2020  Intel Corporation. All rights reserved.
Your use of Intel Corporation's design tools, logic functions 
and other software and tools, and any partner logic 
functions, and any output files from any of the foregoing 
(including device programming or simulation files), and any 
associated documentation or information are expressly subject 
to the terms and conditions of the Intel Program License 
Subscription Agreement, the Intel Quartus Prime License Agreement,
the Intel FPGA IP License Agreement, or other applicable license
agreement, including, without limitation, that your use is for
the sole purpose of programming logic devices manufactured by
Intel and sold by Intel or its authorized distributors.  Please
refer to the applicable agreement for further details, at
https://fpgasoftware.intel.com/eula.



+----------------------------------------------------------------------------------+
; Flow Summary                                                                     ;
+------------------------------------+---------------------------------------------+
; Flow Status                        ; Successful - Sat Sep 19 11:41:50 2020       ;
; Quartus Prime Version              ; 20.1.0 Build 711 06/05/2020 SJ Lite Edition ;
; Revision Name                      ; Mgenerator                                  ;
; Top-level Entity Name              ; MGenerator                                  ;
; Family                             ; Cyclone IV E                                ;
; Total logic elements               ; 5 / 6,272 ( < 1 % )                         ;
;     Total combinational functions  ; 1 / 6,272 ( < 1 % )                         ;
;     Dedicated logic registers      ; 4 / 6,272 ( < 1 % )                         ;
; Total registers                    ; 4                                           ;
; Total pins                         ; 2 / 92 ( 2 % )                              ;
; Total virtual pins                 ; 0                                           ;
; Total memory bits                  ; 0 / 276,480 ( 0 % )                         ;
; Embedded Multiplier 9-bit elements ; 0 / 30 ( 0 % )                              ;
; Total PLLs                         ; 0 / 2 ( 0 % )                               ;
; Device                             ; EP4CE6E22C6                                 ;
; Timing Models                      ; Final                                       ;
+------------------------------------+---------------------------------------------+


+-----------------------------------------+
; Flow Settings                           ;
+-------------------+---------------------+
; Option            ; Setting             ;
+-------------------+---------------------+
; Start date & time ; 09/19/2020 11:41:12 ;
; Main task         ; Compilation         ;
; Revision Name     ; Mgenerator          ;
+-------------------+---------------------+


+-----------------------------------------------------------------------------------------------------------------------------+
; Flow Non-Default Global Settings                                                                                            ;
+-------------------------------------+----------------------------------------+---------------+-------------+----------------+
; Assignment Name                     ; Value                                  ; Default Value ; Entity Name ; Section Id     ;
+-------------------------------------+----------------------------------------+---------------+-------------+----------------+
; COMPILER_SIGNATURE_ID               ; 128472102258565.160050487208216        ; --            ; --          ; --             ;
; EDA_OUTPUT_DATA_FORMAT              ; Verilog Hdl                            ; --            ; --          ; eda_simulation ;
; EDA_RUN_TOOL_AUTOMATICALLY          ; Off                                    ; --            ; --          ; eda_simulation ;
; EDA_SIMULATION_TOOL                 ; ModelSim-Altera (Verilog)              ; <None>        ; --          ; --             ;
; EDA_TIME_SCALE                      ; 1 ps                                   ; --            ; --          ; eda_simulation ;
; PARTITION_COLOR                     ; -- (Not supported for targeted family) ; --            ; MGenerator  ; Top            ;
; PARTITION_FITTER_PRESERVATION_LEVEL ; -- (Not supported for targeted family) ; --            ; MGenerator  ; Top            ;
; PARTITION_NETLIST_TYPE              ; -- (Not supported for targeted family) ; --            ; MGenerator  ; Top            ;
; PROJECT_OUTPUT_DIRECTORY            ; output_files                           ; --            ; --          ; --             ;
+-------------------------------------+----------------------------------------+---------------+-------------+----------------+


+--------------------------------------------------------------------------------------------------------------------------+
; Flow Elapsed Time                                                                                                        ;
+----------------------+--------------+-------------------------+---------------------+------------------------------------+
; Module Name          ; Elapsed Time ; Average Processors Used ; Peak Virtual Memory ; Total CPU Time (on all processors) ;
+----------------------+--------------+-------------------------+---------------------+------------------------------------+
; Analysis & Synthesis ; 00:00:10     ; 1.0                     ; 4831 MB             ; 00:00:26                           ;
; Fitter               ; 00:00:05     ; 1.1                     ; 6462 MB             ; 00:00:07                           ;
; Assembler            ; 00:00:02     ; 1.0                     ; 4681 MB             ; 00:00:02                           ;
; Timing Analyzer      ; 00:00:04     ; 1.0                     ; 4909 MB             ; 00:00:03                           ;
; EDA Netlist Writer   ; 00:00:01     ; 1.0                     ; 4634 MB             ; 00:00:01                           ;
; EDA Netlist Writer   ; 00:00:01     ; 1.0                     ; 4627 MB             ; 00:00:01                           ;
; EDA Netlist Writer   ; 00:00:01     ; 1.0                     ; 4636 MB             ; 00:00:01                           ;
; Total                ; 00:00:24     ; --                      ; --                  ; 00:00:41                           ;
+----------------------+--------------+-------------------------+---------------------+------------------------------------+


+------------------------------------------------------------------------------------+
; Flow OS Summary                                                                    ;
+----------------------+------------------+------------+------------+----------------+
; Module Name          ; Machine Hostname ; OS Name    ; OS Version ; Processor type ;
+----------------------+------------------+------------+------------+----------------+
; Analysis & Synthesis ; SASHA-KOMP       ; Windows 10 ; 10.0       ; x86_64         ;
; Fitter               ; SASHA-KOMP       ; Windows 10 ; 10.0       ; x86_64         ;
; Assembler            ; SASHA-KOMP       ; Windows 10 ; 10.0       ; x86_64         ;
; Timing Analyzer      ; SASHA-KOMP       ; Windows 10 ; 10.0       ; x86_64         ;
; EDA Netlist Writer   ; SASHA-KOMP       ; Windows 10 ; 10.0       ; x86_64         ;
; EDA Netlist Writer   ; SASHA-KOMP       ; Windows 10 ; 10.0       ; x86_64         ;
; EDA Netlist Writer   ; SASHA-KOMP       ; Windows 10 ; 10.0       ; x86_64         ;
+----------------------+------------------+------------+------------+----------------+


------------
; Flow Log ;
------------
quartus_map --read_settings_files=on --write_settings_files=off Mgenerator -c Mgenerator
quartus_fit --read_settings_files=off --write_settings_files=off Mgenerator -c Mgenerator
quartus_asm --read_settings_files=off --write_settings_files=off Mgenerator -c Mgenerator
quartus_sta Mgenerator -c Mgenerator
quartus_eda --read_settings_files=off --write_settings_files=off Mgenerator -c Mgenerator
quartus_eda --gen_testbench --tool=modelsim_oem --format=verilog --write_settings_files=off Mgenerator -c Mgenerator --vector_source=D:/apps/quartus/MGenerator/Waveform.vwf --testbench_file=D:/apps/quartus/MGenerator/simulation/qsim/Waveform.vwf.vt
quartus_eda --write_settings_files=off --simulation=on --functional=on --flatten_buses=off --tool=modelsim_oem --format=verilog --output_directory=D:/apps/quartus/MGenerator/simulation/qsim/ Mgenerator -c Mgenerator



